0 info it worked if it ends with ok
1 verbose cli [ 'C:\\Program Files\\nodejs\\node.exe',
1 verbose cli   'C:\\Users\\Daos\\AppData\\Roaming\\npm\\node_modules\\npm\\bin\\npm-cli.js',
1 verbose cli   'install',
1 verbose cli   'angular/core' ]
2 info using npm@3.9.2
3 info using node@v5.11.0
4 silly loadCurrentTree Starting
5 silly install loadCurrentTree
6 silly install readLocalPackageData
7 silly fetchPackageMetaData angular/core
8 silly fetchOtherPackageData angular/core
9 silly cache add args [ 'angular/core', null ]
10 verbose cache add spec angular/core
11 silly cache add parsed spec Result {
11 silly cache add   raw: 'angular/core',
11 silly cache add   scope: null,
11 silly cache add   name: null,
11 silly cache add   rawSpec: 'angular/core',
11 silly cache add   spec: 'github:angular/core',
11 silly cache add   type: 'hosted',
11 silly cache add   hosted:
11 silly cache add    { type: 'github',
11 silly cache add      ssh: 'git@github.com:angular/core.git',
11 silly cache add      sshUrl: 'git+ssh://git@github.com/angular/core.git',
11 silly cache add      httpsUrl: 'git+https://github.com/angular/core.git',
11 silly cache add      gitUrl: 'git://github.com/angular/core.git',
11 silly cache add      shortcut: 'github:angular/core',
11 silly cache add      directUrl: 'https://raw.githubusercontent.com/angular/core/master/package.json' } }
12 verbose addRemoteGit caching angular/core
13 verbose addRemoteGit angular/core is a repository hosted by github
14 silly tryGitProto attempting to clone git://github.com/angular/core.git
15 silly tryClone cloning angular/core via git://github.com/angular/core.git
16 verbose tryClone git-github-com-angular-core-git-667ca82b not in flight; caching
17 verbose correctMkdir C:\Users\Daos\AppData\Roaming\npm-cache\_git-remotes correctMkdir not in flight; initializing
18 info git [ 'config', '--get', 'remote.origin.url' ]
19 warn addRemoteGit Error: Command failed: git -c core.longpaths=true config --get remote.origin.url
19 warn addRemoteGit
19 warn addRemoteGit     at ChildProcess.exithandler (child_process.js:202:12)
19 warn addRemoteGit     at emitTwo (events.js:100:13)
19 warn addRemoteGit     at ChildProcess.emit (events.js:185:7)
19 warn addRemoteGit     at maybeClose (internal/child_process.js:850:16)
19 warn addRemoteGit     at Process.ChildProcess._handle.onexit (internal/child_process.js:215:5)
19 warn addRemoteGit  angular/core resetting remote C:\Users\Daos\AppData\Roaming\npm-cache\_git-remotes\git-github-com-angular-core-git-667ca82b because of error: { [Error: Command failed: git -c core.longpaths=true config --get remote.origin.url
19 warn addRemoteGit ]
19 warn addRemoteGit   killed: false,
19 warn addRemoteGit   code: 1,
19 warn addRemoteGit   signal: null,
19 warn addRemoteGit   cmd: 'git -c core.longpaths=true config --get remote.origin.url' }
20 info resetRemote resetting C:\Users\Daos\AppData\Roaming\npm-cache\_git-remotes\git-github-com-angular-core-git-667ca82b for angular/core
21 silly gentlyRm C:\Users\Daos\AppData\Roaming\npm-cache\_git-remotes\git-github-com-angular-core-git-667ca82b is being purged
22 verbose gentlyRm don't care about contents; nuking C:\Users\Daos\AppData\Roaming\npm-cache\_git-remotes\git-github-com-angular-core-git-667ca82b
23 silly vacuum-fs purging C:\Users\Daos\AppData\Roaming\npm-cache\_git-remotes\git-github-com-angular-core-git-667ca82b
24 silly vacuum-fs quitting because other entries in C:\Users\Daos\AppData\Roaming\npm-cache\_git-remotes
25 info git [ 'clone',
25 info git   '--template=C:\\Users\\Daos\\AppData\\Roaming\\npm-cache\\_git-remotes\\_templates',
25 info git   '--mirror',
25 info git   'git://github.com/angular/core.git',
25 info git   'C:\\Users\\Daos\\AppData\\Roaming\\npm-cache\\_git-remotes\\git-github-com-angular-core-git-667ca82b' ]
26 error git clone --template=C:\Users\Daos\AppData\Roaming\npm-cache\_git-remotes\_templates --mirror git://github.com/angular/core.git C:\Users\Daos\AppData\Roaming\npm-cache\_git-remotes\git-github-com-angular-core-git-667ca82b: Cloning into bare repository 'C:\Users\Daos\AppData\Roaming\npm-cache\_git-remotes\git-github-com-angular-core-git-667ca82b'...
26 error git clone --template=C:\Users\Daos\AppData\Roaming\npm-cache\_git-remotes\_templates --mirror git://github.com/angular/core.git C:\Users\Daos\AppData\Roaming\npm-cache\_git-remotes\git-github-com-angular-core-git-667ca82b: fatal: unable to connect to github.com:
26 error git clone --template=C:\Users\Daos\AppData\Roaming\npm-cache\_git-remotes\_templates --mirror git://github.com/angular/core.git C:\Users\Daos\AppData\Roaming\npm-cache\_git-remotes\git-github-com-angular-core-git-667ca82b: github.com[0: 192.30.252.123]: errno=Invalid argument
27 silly tryHTTPS attempting to clone git+https://github.com/angular/core.git
28 silly tryClone cloning angular/core via git+https://github.com/angular/core.git
29 verbose tryClone git-https-github-com-angular-core-git-d4915b66 not in flight; caching
30 verbose correctMkdir C:\Users\Daos\AppData\Roaming\npm-cache\_git-remotes correctMkdir not in flight; initializing
31 info git [ 'config', '--get', 'remote.origin.url' ]
32 warn addRemoteGit Error: Command failed: git -c core.longpaths=true config --get remote.origin.url
32 warn addRemoteGit
32 warn addRemoteGit     at ChildProcess.exithandler (child_process.js:202:12)
32 warn addRemoteGit     at emitTwo (events.js:100:13)
32 warn addRemoteGit     at ChildProcess.emit (events.js:185:7)
32 warn addRemoteGit     at maybeClose (internal/child_process.js:850:16)
32 warn addRemoteGit     at Process.ChildProcess._handle.onexit (internal/child_process.js:215:5)
32 warn addRemoteGit  angular/core resetting remote C:\Users\Daos\AppData\Roaming\npm-cache\_git-remotes\git-https-github-com-angular-core-git-d4915b66 because of error: { [Error: Command failed: git -c core.longpaths=true config --get remote.origin.url
32 warn addRemoteGit ]
32 warn addRemoteGit   killed: false,
32 warn addRemoteGit   code: 1,
32 warn addRemoteGit   signal: null,
32 warn addRemoteGit   cmd: 'git -c core.longpaths=true config --get remote.origin.url' }
33 info resetRemote resetting C:\Users\Daos\AppData\Roaming\npm-cache\_git-remotes\git-https-github-com-angular-core-git-d4915b66 for angular/core
34 silly gentlyRm C:\Users\Daos\AppData\Roaming\npm-cache\_git-remotes\git-https-github-com-angular-core-git-d4915b66 is being purged
35 verbose gentlyRm don't care about contents; nuking C:\Users\Daos\AppData\Roaming\npm-cache\_git-remotes\git-https-github-com-angular-core-git-d4915b66
36 silly vacuum-fs purging C:\Users\Daos\AppData\Roaming\npm-cache\_git-remotes\git-https-github-com-angular-core-git-d4915b66
37 silly vacuum-fs quitting because other entries in C:\Users\Daos\AppData\Roaming\npm-cache\_git-remotes
38 info git [ 'clone',
38 info git   '--template=C:\\Users\\Daos\\AppData\\Roaming\\npm-cache\\_git-remotes\\_templates',
38 info git   '--mirror',
38 info git   'https://github.com/angular/core.git',
38 info git   'C:\\Users\\Daos\\AppData\\Roaming\\npm-cache\\_git-remotes\\git-https-github-com-angular-core-git-d4915b66' ]
39 error git clone --template=C:\Users\Daos\AppData\Roaming\npm-cache\_git-remotes\_templates --mirror https://github.com/angular/core.git C:\Users\Daos\AppData\Roaming\npm-cache\_git-remotes\git-https-github-com-angular-core-git-d4915b66: Cloning into bare repository 'C:\Users\Daos\AppData\Roaming\npm-cache\_git-remotes\git-https-github-com-angular-core-git-d4915b66'...
39 error git clone --template=C:\Users\Daos\AppData\Roaming\npm-cache\_git-remotes\_templates --mirror https://github.com/angular/core.git C:\Users\Daos\AppData\Roaming\npm-cache\_git-remotes\git-https-github-com-angular-core-git-d4915b66: remote: Invalid username or password.
39 error git clone --template=C:\Users\Daos\AppData\Roaming\npm-cache\_git-remotes\_templates --mirror https://github.com/angular/core.git C:\Users\Daos\AppData\Roaming\npm-cache\_git-remotes\git-https-github-com-angular-core-git-d4915b66: fatal: Authentication failed for 'https://github.com/angular/core.git/'
40 silly trySSH attempting to clone git@github.com:angular/core.git
41 silly tryClone cloning angular/core via git@github.com:angular/core.git
42 verbose tryClone git-github-com-angular-core-git-491ea1b8 not in flight; caching
43 verbose correctMkdir C:\Users\Daos\AppData\Roaming\npm-cache\_git-remotes correctMkdir not in flight; initializing
44 info git [ 'config', '--get', 'remote.origin.url' ]
45 warn addRemoteGit Error: Command failed: git -c core.longpaths=true config --get remote.origin.url
45 warn addRemoteGit
45 warn addRemoteGit     at ChildProcess.exithandler (child_process.js:202:12)
45 warn addRemoteGit     at emitTwo (events.js:100:13)
45 warn addRemoteGit     at ChildProcess.emit (events.js:185:7)
45 warn addRemoteGit     at maybeClose (internal/child_process.js:850:16)
45 warn addRemoteGit     at Process.ChildProcess._handle.onexit (internal/child_process.js:215:5)
45 warn addRemoteGit  angular/core resetting remote C:\Users\Daos\AppData\Roaming\npm-cache\_git-remotes\git-github-com-angular-core-git-491ea1b8 because of error: { [Error: Command failed: git -c core.longpaths=true config --get remote.origin.url
45 warn addRemoteGit ]
45 warn addRemoteGit   killed: false,
45 warn addRemoteGit   code: 1,
45 warn addRemoteGit   signal: null,
45 warn addRemoteGit   cmd: 'git -c core.longpaths=true config --get remote.origin.url' }
46 info resetRemote resetting C:\Users\Daos\AppData\Roaming\npm-cache\_git-remotes\git-github-com-angular-core-git-491ea1b8 for angular/core
47 silly gentlyRm C:\Users\Daos\AppData\Roaming\npm-cache\_git-remotes\git-github-com-angular-core-git-491ea1b8 is being purged
48 verbose gentlyRm don't care about contents; nuking C:\Users\Daos\AppData\Roaming\npm-cache\_git-remotes\git-github-com-angular-core-git-491ea1b8
49 silly vacuum-fs purging C:\Users\Daos\AppData\Roaming\npm-cache\_git-remotes\git-github-com-angular-core-git-491ea1b8
50 silly vacuum-fs quitting because other entries in C:\Users\Daos\AppData\Roaming\npm-cache\_git-remotes
51 info git [ 'clone',
51 info git   '--template=C:\\Users\\Daos\\AppData\\Roaming\\npm-cache\\_git-remotes\\_templates',
51 info git   '--mirror',
51 info git   'git@github.com:angular/core.git',
51 info git   'C:\\Users\\Daos\\AppData\\Roaming\\npm-cache\\_git-remotes\\git-github-com-angular-core-git-491ea1b8' ]
52 error git clone --template=C:\Users\Daos\AppData\Roaming\npm-cache\_git-remotes\_templates --mirror git@github.com:angular/core.git C:\Users\Daos\AppData\Roaming\npm-cache\_git-remotes\git-github-com-angular-core-git-491ea1b8: Cloning into bare repository 'C:\Users\Daos\AppData\Roaming\npm-cache\_git-remotes\git-github-com-angular-core-git-491ea1b8'...
52 error git clone --template=C:\Users\Daos\AppData\Roaming\npm-cache\_git-remotes\_templates --mirror git@github.com:angular/core.git C:\Users\Daos\AppData\Roaming\npm-cache\_git-remotes\git-github-com-angular-core-git-491ea1b8: Host key verification failed.
52 error git clone --template=C:\Users\Daos\AppData\Roaming\npm-cache\_git-remotes\_templates --mirror git@github.com:angular/core.git C:\Users\Daos\AppData\Roaming\npm-cache\_git-remotes\git-github-com-angular-core-git-491ea1b8: fatal: Could not read from remote repository.
52 error git clone --template=C:\Users\Daos\AppData\Roaming\npm-cache\_git-remotes\_templates --mirror git@github.com:angular/core.git C:\Users\Daos\AppData\Roaming\npm-cache\_git-remotes\git-github-com-angular-core-git-491ea1b8:
52 error git clone --template=C:\Users\Daos\AppData\Roaming\npm-cache\_git-remotes\_templates --mirror git@github.com:angular/core.git C:\Users\Daos\AppData\Roaming\npm-cache\_git-remotes\git-github-com-angular-core-git-491ea1b8: Please make sure you have the correct access rights
52 error git clone --template=C:\Users\Daos\AppData\Roaming\npm-cache\_git-remotes\_templates --mirror git@github.com:angular/core.git C:\Users\Daos\AppData\Roaming\npm-cache\_git-remotes\git-github-com-angular-core-git-491ea1b8: and the repository exists.
53 silly fetchPackageMetaData Error: Command failed: git -c core.longpaths=true clone --template=C:\Users\Daos\AppData\Roaming\npm-cache\_git-remotes\_templates --mirror git@github.com:angular/core.git C:\Users\Daos\AppData\Roaming\npm-cache\_git-remotes\git-github-com-angular-core-git-491ea1b8
53 silly fetchPackageMetaData Cloning into bare repository 'C:\Users\Daos\AppData\Roaming\npm-cache\_git-remotes\git-github-com-angular-core-git-491ea1b8'...
53 silly fetchPackageMetaData Host key verification failed.
53 silly fetchPackageMetaData fatal: Could not read from remote repository.
53 silly fetchPackageMetaData
53 silly fetchPackageMetaData Please make sure you have the correct access rights
53 silly fetchPackageMetaData and the repository exists.
53 silly fetchPackageMetaData
53 silly fetchPackageMetaData     at ChildProcess.exithandler (child_process.js:202:12)
53 silly fetchPackageMetaData     at emitTwo (events.js:100:13)
53 silly fetchPackageMetaData     at ChildProcess.emit (events.js:185:7)
53 silly fetchPackageMetaData     at maybeClose (internal/child_process.js:850:16)
53 silly fetchPackageMetaData     at Process.ChildProcess._handle.onexit (internal/child_process.js:215:5)
53 silly fetchPackageMetaData  error for angular/core { [Error: Command failed: git -c core.longpaths=true clone --template=C:\Users\Daos\AppData\Roaming\npm-cache\_git-remotes\_templates --mirror git@github.com:angular/core.git C:\Users\Daos\AppData\Roaming\npm-cache\_git-remotes\git-github-com-angular-core-git-491ea1b8
53 silly fetchPackageMetaData Cloning into bare repository 'C:\Users\Daos\AppData\Roaming\npm-cache\_git-remotes\git-github-com-angular-core-git-491ea1b8'...
53 silly fetchPackageMetaData Host key verification failed.
53 silly fetchPackageMetaData fatal: Could not read from remote repository.
53 silly fetchPackageMetaData
53 silly fetchPackageMetaData Please make sure you have the correct access rights
53 silly fetchPackageMetaData and the repository exists.
53 silly fetchPackageMetaData ]
53 silly fetchPackageMetaData   killed: false,
53 silly fetchPackageMetaData   code: 128,
53 silly fetchPackageMetaData   signal: null,
53 silly fetchPackageMetaData   cmd: 'git -c core.longpaths=true clone --template=C:\\Users\\Daos\\AppData\\Roaming\\npm-cache\\_git-remotes\\_templates --mirror git@github.com:angular/core.git C:\\Users\\Daos\\AppData\\Roaming\\npm-cache\\_git-remotes\\git-github-com-angular-core-git-491ea1b8' }
54 silly rollbackFailedOptional Starting
55 silly rollbackFailedOptional Finishing
56 silly runTopLevelLifecycles Starting
57 silly runTopLevelLifecycles Finishing
58 silly install printInstalled
59 verbose stack Error: Command failed: git -c core.longpaths=true clone --template=C:\Users\Daos\AppData\Roaming\npm-cache\_git-remotes\_templates --mirror git@github.com:angular/core.git C:\Users\Daos\AppData\Roaming\npm-cache\_git-remotes\git-github-com-angular-core-git-491ea1b8
59 verbose stack Cloning into bare repository 'C:\Users\Daos\AppData\Roaming\npm-cache\_git-remotes\git-github-com-angular-core-git-491ea1b8'...
59 verbose stack Host key verification failed.
59 verbose stack fatal: Could not read from remote repository.
59 verbose stack
59 verbose stack Please make sure you have the correct access rights
59 verbose stack and the repository exists.
59 verbose stack
59 verbose stack     at ChildProcess.exithandler (child_process.js:202:12)
59 verbose stack     at emitTwo (events.js:100:13)
59 verbose stack     at ChildProcess.emit (events.js:185:7)
59 verbose stack     at maybeClose (internal/child_process.js:850:16)
59 verbose stack     at Process.ChildProcess._handle.onexit (internal/child_process.js:215:5)
60 verbose cwd C:\Users\Daos\Gastamo
61 error Windows_NT 10.0.10240
62 error argv "C:\\Program Files\\nodejs\\node.exe" "C:\\Users\\Daos\\AppData\\Roaming\\npm\\node_modules\\npm\\bin\\npm-cli.js" "install" "angular/core"
63 error node v5.11.0
64 error npm  v3.9.2
65 error code 128
66 error Command failed: git -c core.longpaths=true clone --template=C:\Users\Daos\AppData\Roaming\npm-cache\_git-remotes\_templates --mirror git@github.com:angular/core.git C:\Users\Daos\AppData\Roaming\npm-cache\_git-remotes\git-github-com-angular-core-git-491ea1b8
66 error Cloning into bare repository 'C:\Users\Daos\AppData\Roaming\npm-cache\_git-remotes\git-github-com-angular-core-git-491ea1b8'...
66 error Host key verification failed.
66 error fatal: Could not read from remote repository.
66 error
66 error Please make sure you have the correct access rights
66 error and the repository exists.
67 error If you need help, you may report this error at:
67 error     <https://github.com/npm/npm/issues>
68 verbose exit [ 1, true ]
